<?xml version="1.0" encoding="UTF-8"?>
<testsuite xmlns:xsi="http://www.w3.org/2001/XMLSchema-instance" xsi:noNamespaceSchemaLocation="https://maven.apache.org/surefire/maven-surefire-plugin/xsd/surefire-test-report-3.0.xsd" version="3.0" name="com.example.HomePageTest" time="1.675" tests="1" errors="1" skipped="0" failures="0">
  <properties>
[...]
</properties>
  <testcase name="shouldLoadHomePage" classname="com.example.HomePageTest" time="0.122">
    <error message="Error {&#10;  message=&apos;net::ERR_CONNECTION_REFUSED at http://localhost:4200/&#10;  name=&apos;Error&#10;  stack=&apos;Error: net::ERR_CONNECTION_REFUSED at http://localhost:4200/&#10;    at FrameSession._navigate (/tmp/playwright-java-8004400885451268887/package/lib/server/chromium/crPage.js:515:35)&#10;    at async Frame._gotoAction (/tmp/playwright-java-8004400885451268887/package/lib/server/frames.js:534:28)&#10;}&#10;Call log:&#10;- navigating to &quot;http://localhost:4200/&quot;, waiting until &quot;load&quot;&#10;" type="com.microsoft.playwright.PlaywrightException"><![CDATA[com.microsoft.playwright.PlaywrightException: 
Error {
  message='net::ERR_CONNECTION_REFUSED at http://localhost:4200/
  name='Error
  stack='Error: net::ERR_CONNECTION_REFUSED at http://localhost:4200/
    at FrameSession._navigate (/tmp/playwright-java-8004400885451268887/package/lib/server/chromium/crPage.js:515:35)
    at async Frame._gotoAction (/tmp/playwright-java-8004400885451268887/package/lib/server/frames.js:534:28)
}
Call log:
- navigating to "http://localhost:4200/", waiting until "load"

	at com.microsoft.playwright.impl.WaitableResult.get(WaitableResult.java:56)
	at com.microsoft.playwright.impl.ChannelOwner.runUntil(ChannelOwner.java:120)
	at com.microsoft.playwright.impl.Connection.sendMessage(Connection.java:130)
	at com.microsoft.playwright.impl.ChannelOwner.sendMessage(ChannelOwner.java:106)
	at com.microsoft.playwright.impl.FrameImpl.navigateImpl(FrameImpl.java:463)
	at com.microsoft.playwright.impl.PageImpl.lambda$navigate$46(PageImpl.java:927)
	at com.microsoft.playwright.impl.LoggingSupport.withLogging(LoggingSupport.java:47)
	at com.microsoft.playwright.impl.ChannelOwner.withLogging(ChannelOwner.java:89)
	at com.microsoft.playwright.impl.PageImpl.navigate(PageImpl.java:927)
	at com.microsoft.playwright.impl.PageImpl.navigate(PageImpl.java:42)
	at com.microsoft.playwright.Page.navigate(Page.java:5530)
	at com.example.HomePageTest.shouldLoadHomePage(HomePageTest.java:30)
	at java.base/java.lang.reflect.Method.invoke(Method.java:580)
	at java.base/java.util.ArrayList.forEach(ArrayList.java:1596)
	at java.base/java.util.ArrayList.forEach(ArrayList.java:1596)
Caused by: com.microsoft.playwright.impl.DriverException: Error {
  message='net::ERR_CONNECTION_REFUSED at http://localhost:4200/
  name='Error
  stack='Error: net::ERR_CONNECTION_REFUSED at http://localhost:4200/
    at FrameSession._navigate (/tmp/playwright-java-8004400885451268887/package/lib/server/chromium/crPage.js:515:35)
    at async Frame._gotoAction (/tmp/playwright-java-8004400885451268887/package/lib/server/frames.js:534:28)
}
Call log:
- navigating to "http://localhost:4200/", waiting until "load"

	at com.microsoft.playwright.impl.Connection.dispatch(Connection.java:259)
	at com.microsoft.playwright.impl.Connection.processOneMessage(Connection.java:211)
	at com.microsoft.playwright.impl.ChannelOwner.runUntil(ChannelOwner.java:118)
	... 13 more
]]></error>
  </testcase>
</testsuite>